system   I             system.c:245  al_install_system                [   0.00038] Allegro version: 5.1.12 (WIP)
system   D            wsystem.c:674  maybe_parent_dir                 [   0.00061] Also searching C:\Users\gamer\Desktop\Graficos1-TP3\TP3\
system   D            wsystem.c:724  _al_win_safe_load_library        [   0.00078] PathFindOnPath found: C:\WINDOWS\system32\d3d9.dll
system   D            wsystem.c:635  load_library_at_path             [   0.00080] Calling LoadLibrary C:\WINDOWS\system32\d3d9.dll
system   I            wsystem.c:638  load_library_at_path             [   0.00412] Loaded C:\WINDOWS\system32\d3d9.dll
d3d      I         d3d_disp.cpp:672  d3d_init_display                 [   0.04413] Render-to-texture: 1
d3d      I         d3d_disp.cpp:1770 d3d_create_display_locked        [   0.04484] faux_fullscreen=0
d3d      D         d3d_disp.cpp:1771 d3d_create_display_locked        [   0.04486] al_display=011D4DD8
d3d      D         d3d_disp.cpp:1772 d3d_create_display_locked        [   0.04487] al_display->vt=012467E0
d3d      I d3d_display_formats.cpp:144  _al_d3d_generate_display_format_list [   0.04929] found 160 format combinations
display  D   display_settings.c:202  debug_display_settings           [   0.04932] color: 32 (rgba 8880), depth: 0, stencil: 0, acc: 0000, samples: 0/0
display  D   display_settings.c:517  _al_score_display_settings       [   0.04934] Score is : 897
display  D   display_settings.c:202  debug_display_settings           [   0.04936] color: 32 (rgba 8880), depth: 0, stencil: 0, acc: 0000, samples: 0/0
display  D   display_settings.c:517  _al_score_display_settings       [   0.04937] Score is : 897
display  D   display_settings.c:202  debug_display_settings           [   0.04939] color: 32 (rgba 8880), depth: 0, stencil: 0, acc: 0000, samples: 2/1
display  D   display_settings.c:517  _al_score_display_settings       [   0.04940] Score is : 726
display  D   display_settings.c:202  debug_display_settings           [   0.04941] color: 32 (rgba 8880), depth: 0, stencil: 0, acc: 0000, samples: 3/1
display  D   display_settings.c:517  _al_score_display_settings       [   0.04943] Score is : 721
display  D   display_settings.c:202  debug_display_settings           [   0.04944] color: 32 (rgba 8880), depth: 0, stencil: 0, acc: 0000, samples: 4/1
display  D   display_settings.c:517  _al_score_display_settings       [   0.04946] Score is : 717
display  D   display_settings.c:202  debug_display_settings           [   0.04947] color: 32 (rgba 8880), depth: 24, stencil: 8, acc: 0000, samples: 0/0
display  D   display_settings.c:517  _al_score_display_settings       [   0.04948] Score is : 897
display  D   display_settings.c:202  debug_display_settings           [   0.04949] color: 32 (rgba 8880), depth: 24, stencil: 8, acc: 0000, samples: 0/0
display  D   display_settings.c:517  _al_score_display_settings       [   0.04951] Score is : 897
display  D   display_settings.c:202  debug_display_settings           [   0.04952] color: 32 (rgba 8880), depth: 24, stencil: 8, acc: 0000, samples: 2/1
display  D   display_settings.c:517  _al_score_display_settings       [   0.04954] Score is : 726
display  D   display_settings.c:202  debug_display_settings           [   0.04955] color: 32 (rgba 8880), depth: 24, stencil: 8, acc: 0000, samples: 3/1
display  D   display_settings.c:517  _al_score_display_settings       [   0.04956] Score is : 721
display  D   display_settings.c:202  debug_display_settings           [   0.04958] color: 32 (rgba 8880), depth: 24, stencil: 8, acc: 0000, samples: 4/1
display  D   display_settings.c:517  _al_score_display_settings       [   0.04959] Score is : 717
display  D   display_settings.c:202  debug_display_settings           [   0.04960] color: 32 (rgba 8880), depth: 24, stencil: 0, acc: 0000, samples: 0/0
display  D   display_settings.c:517  _al_score_display_settings       [   0.04962] Score is : 897
display  D   display_settings.c:202  debug_display_settings           [   0.04963] color: 32 (rgba 8880), depth: 24, stencil: 0, acc: 0000, samples: 0/0
display  D   display_settings.c:517  _al_score_display_settings       [   0.04968] Score is : 897
display  D   display_settings.c:202  debug_display_settings           [   0.04969] color: 32 (rgba 8880), depth: 24, stencil: 0, acc: 0000, samples: 2/1
display  D   display_settings.c:517  _al_score_display_settings       [   0.04971] Score is : 726
display  D   display_settings.c:202  debug_display_settings           [   0.04972] color: 32 (rgba 8880), depth: 24, stencil: 0, acc: 0000, samples: 3/1
display  D   display_settings.c:517  _al_score_display_settings       [   0.04974] Score is : 721
display  D   display_settings.c:202  debug_display_settings           [   0.04975] color: 32 (rgba 8880), depth: 24, stencil: 0, acc: 0000, samples: 4/1
display  D   display_settings.c:517  _al_score_display_settings       [   0.04976] Score is : 717
display  D   display_settings.c:202  debug_display_settings           [   0.04978] color: 32 (rgba 8880), depth: 16, stencil: 0, acc: 0000, samples: 0/0
display  D   display_settings.c:517  _al_score_display_settings       [   0.04979] Score is : 897
display  D   display_settings.c:202  debug_display_settings           [   0.04980] color: 32 (rgba 8880), depth: 16, stencil: 0, acc: 0000, samples: 0/0
display  D   display_settings.c:517  _al_score_display_settings       [   0.04982] Score is : 897
display  D   display_settings.c:202  debug_display_settings           [   0.04983] color: 32 (rgba 8880), depth: 16, stencil: 0, acc: 0000, samples: 2/1
display  D   display_settings.c:517  _al_score_display_settings       [   0.04984] Score is : 726
display  D   display_settings.c:202  debug_display_settings           [   0.04986] color: 32 (rgba 8880), depth: 16, stencil: 0, acc: 0000, samples: 3/1
display  D   display_settings.c:517  _al_score_display_settings       [   0.04987] Score is : 721
display  D   display_settings.c:202  debug_display_settings           [   0.04988] color: 32 (rgba 8880), depth: 16, stencil: 0, acc: 0000, samples: 4/1
display  D   display_settings.c:517  _al_score_display_settings       [   0.04990] Score is : 717
display  D   display_settings.c:202  debug_display_settings           [   0.04991] color: 16 (rgba 5650), depth: 0, stencil: 0, acc: 0000, samples: 0/0
display  D   display_settings.c:517  _al_score_display_settings       [   0.04993] Score is : 897
display  D   display_settings.c:202  debug_display_settings           [   0.04994] color: 16 (rgba 5650), depth: 0, stencil: 0, acc: 0000, samples: 0/0
display  D   display_settings.c:517  _al_score_display_settings       [   0.04995] Score is : 897
display  D   display_settings.c:202  debug_display_settings           [   0.04996] color: 16 (rgba 5650), depth: 0, stencil: 0, acc: 0000, samples: 2/1
display  D   display_settings.c:517  _al_score_display_settings       [   0.04998] Score is : 726
display  D   display_settings.c:202  debug_display_settings           [   0.04999] color: 16 (rgba 5650), depth: 0, stencil: 0, acc: 0000, samples: 3/1
display  D   display_settings.c:517  _al_score_display_settings       [   0.05001] Score is : 721
display  D   display_settings.c:202  debug_display_settings           [   0.05002] color: 16 (rgba 5650), depth: 0, stencil: 0, acc: 0000, samples: 4/1
display  D   display_settings.c:517  _al_score_display_settings       [   0.05003] Score is : 717
display  D   display_settings.c:202  debug_display_settings           [   0.05005] color: 16 (rgba 5650), depth: 24, stencil: 8, acc: 0000, samples: 0/0
display  D   display_settings.c:517  _al_score_display_settings       [   0.05006] Score is : 897
display  D   display_settings.c:202  debug_display_settings           [   0.05007] color: 16 (rgba 5650), depth: 24, stencil: 8, acc: 0000, samples: 0/0
display  D   display_settings.c:517  _al_score_display_settings       [   0.05009] Score is : 897
display  D   display_settings.c:202  debug_display_settings           [   0.05010] color: 16 (rgba 5650), depth: 24, stencil: 8, acc: 0000, samples: 2/1
display  D   display_settings.c:517  _al_score_display_settings       [   0.05011] Score is : 726
display  D   display_settings.c:202  debug_display_settings           [   0.05013] color: 16 (rgba 5650), depth: 24, stencil: 8, acc: 0000, samples: 3/1
display  D   display_settings.c:517  _al_score_display_settings       [   0.05014] Score is : 721
display  D   display_settings.c:202  debug_display_settings           [   0.05016] color: 16 (rgba 5650), depth: 24, stencil: 8, acc: 0000, samples: 4/1
display  D   display_settings.c:517  _al_score_display_settings       [   0.05017] Score is : 717
display  D   display_settings.c:202  debug_display_settings           [   0.05018] color: 16 (rgba 5650), depth: 24, stencil: 0, acc: 0000, samples: 0/0
display  D   display_settings.c:517  _al_score_display_settings       [   0.05020] Score is : 897
display  D   display_settings.c:202  debug_display_settings           [   0.05021] color: 16 (rgba 5650), depth: 24, stencil: 0, acc: 0000, samples: 0/0
display  D   display_settings.c:517  _al_score_display_settings       [   0.05022] Score is : 897
display  D   display_settings.c:202  debug_display_settings           [   0.05024] color: 16 (rgba 5650), depth: 24, stencil: 0, acc: 0000, samples: 2/1
display  D   display_settings.c:517  _al_score_display_settings       [   0.05025] Score is : 726
display  D   display_settings.c:202  debug_display_settings           [   0.05026] color: 16 (rgba 5650), depth: 24, stencil: 0, acc: 0000, samples: 3/1
display  D   display_settings.c:517  _al_score_display_settings       [   0.05028] Score is : 721
display  D   display_settings.c:202  debug_display_settings           [   0.05029] color: 16 (rgba 5650), depth: 24, stencil: 0, acc: 0000, samples: 4/1
display  D   display_settings.c:517  _al_score_display_settings       [   0.05031] Score is : 717
display  D   display_settings.c:202  debug_display_settings           [   0.05032] color: 16 (rgba 5650), depth: 16, stencil: 0, acc: 0000, samples: 0/0
display  D   display_settings.c:517  _al_score_display_settings       [   0.05033] Score is : 897
display  D   display_settings.c:202  debug_display_settings           [   0.05035] color: 16 (rgba 5650), depth: 16, stencil: 0, acc: 0000, samples: 0/0
display  D   display_settings.c:517  _al_score_display_settings       [   0.05036] Score is : 897
display  D   display_settings.c:202  debug_display_settings           [   0.05037] color: 16 (rgba 5650), depth: 16, stencil: 0, acc: 0000, samples: 2/1
display  D   display_settings.c:517  _al_score_display_settings       [   0.05039] Score is : 726
display  D   display_settings.c:202  debug_display_settings           [   0.05040] color: 16 (rgba 5650), depth: 16, stencil: 0, acc: 0000, samples: 3/1
display  D   display_settings.c:517  _al_score_display_settings       [   0.05042] Score is : 721
display  D   display_settings.c:202  debug_display_settings           [   0.05043] color: 16 (rgba 5650), depth: 16, stencil: 0, acc: 0000, samples: 4/1
display  D   display_settings.c:517  _al_score_display_settings       [   0.05044] Score is : 717
display  D   display_settings.c:202  debug_display_settings           [   0.05046] color: 32 (rgba 8880), depth: 0, stencil: 0, acc: 0000, samples: 0/0
display  D   display_settings.c:388  _al_score_display_settings       [   0.05047] Single Buffer requirement not met.
display  D   display_settings.c:202  debug_display_settings           [   0.05048] color: 32 (rgba 8880), depth: 0, stencil: 0, acc: 0000, samples: 0/0
display  D   display_settings.c:388  _al_score_display_settings       [   0.05050] Single Buffer requirement not met.
display  D   display_settings.c:202  debug_display_settings           [   0.05051] color: 32 (rgba 8880), depth: 0, stencil: 0, acc: 0000, samples: 2/1
display  D   display_settings.c:388  _al_score_display_settings       [   0.05053] Single Buffer requirement not met.
display  D   display_settings.c:202  debug_display_settings           [   0.05054] color: 32 (rgba 8880), depth: 0, stencil: 0, acc: 0000, samples: 3/1
display  D   display_settings.c:388  _al_score_display_settings       [   0.05055] Single Buffer requirement not met.
display  D   display_settings.c:202  debug_display_settings           [   0.05057] color: 32 (rgba 8880), depth: 0, stencil: 0, acc: 0000, samples: 4/1
display  D   display_settings.c:388  _al_score_display_settings       [   0.05058] Single Buffer requirement not met.
display  D   display_settings.c:202  debug_display_settings           [   0.05060] color: 32 (rgba 8880), depth: 24, stencil: 8, acc: 0000, samples: 0/0
display  D   display_settings.c:388  _al_score_display_settings       [   0.05061] Single Buffer requirement not met.
display  D   display_settings.c:202  debug_display_settings           [   0.05062] color: 32 (rgba 8880), depth: 24, stencil: 8, acc: 0000, samples: 0/0
display  D   display_settings.c:388  _al_score_display_settings       [   0.05064] Single Buffer requirement not met.
display  D   display_settings.c:202  debug_display_settings           [   0.05065] color: 32 (rgba 8880), depth: 24, stencil: 8, acc: 0000, samples: 2/1
display  D   display_settings.c:388  _al_score_display_settings       [   0.05067] Single Buffer requirement not met.
display  D   display_settings.c:202  debug_display_settings           [   0.05068] color: 32 (rgba 8880), depth: 24, stencil: 8, acc: 0000, samples: 3/1
display  D   display_settings.c:388  _al_score_display_settings       [   0.05069] Single Buffer requirement not met.
display  D   display_settings.c:202  debug_display_settings           [   0.05071] color: 32 (rgba 8880), depth: 24, stencil: 8, acc: 0000, samples: 4/1
display  D   display_settings.c:388  _al_score_display_settings       [   0.05072] Single Buffer requirement not met.
display  D   display_settings.c:202  debug_display_settings           [   0.05073] color: 32 (rgba 8880), depth: 24, stencil: 0, acc: 0000, samples: 0/0
display  D   display_settings.c:388  _al_score_display_settings       [   0.05075] Single Buffer requirement not met.
display  D   display_settings.c:202  debug_display_settings           [   0.05076] color: 32 (rgba 8880), depth: 24, stencil: 0, acc: 0000, samples: 0/0
display  D   display_settings.c:388  _al_score_display_settings       [   0.05078] Single Buffer requirement not met.
display  D   display_settings.c:202  debug_display_settings           [   0.05079] color: 32 (rgba 8880), depth: 24, stencil: 0, acc: 0000, samples: 2/1
display  D   display_settings.c:388  _al_score_display_settings       [   0.05080] Single Buffer requirement not met.
display  D   display_settings.c:202  debug_display_settings           [   0.05082] color: 32 (rgba 8880), depth: 24, stencil: 0, acc: 0000, samples: 3/1
display  D   display_settings.c:388  _al_score_display_settings       [   0.05083] Single Buffer requirement not met.
display  D   display_settings.c:202  debug_display_settings           [   0.05084] color: 32 (rgba 8880), depth: 24, stencil: 0, acc: 0000, samples: 4/1
display  D   display_settings.c:388  _al_score_display_settings       [   0.05086] Single Buffer requirement not met.
display  D   display_settings.c:202  debug_display_settings           [   0.05087] color: 32 (rgba 8880), depth: 16, stencil: 0, acc: 0000, samples: 0/0
display  D   display_settings.c:388  _al_score_display_settings       [   0.05089] Single Buffer requirement not met.
display  D   display_settings.c:202  debug_display_settings           [   0.05090] color: 32 (rgba 8880), depth: 16, stencil: 0, acc: 0000, samples: 0/0
display  D   display_settings.c:388  _al_score_display_settings       [   0.05092] Single Buffer requirement not met.
display  D   display_settings.c:202  debug_display_settings           [   0.05093] color: 32 (rgba 8880), depth: 16, stencil: 0, acc: 0000, samples: 2/1
display  D   display_settings.c:388  _al_score_display_settings       [   0.05094] Single Buffer requirement not met.
display  D   display_settings.c:202  debug_display_settings           [   0.05096] color: 32 (rgba 8880), depth: 16, stencil: 0, acc: 0000, samples: 3/1
display  D   display_settings.c:388  _al_score_display_settings       [   0.05097] Single Buffer requirement not met.
display  D   display_settings.c:202  debug_display_settings           [   0.05101] color: 32 (rgba 8880), depth: 16, stencil: 0, acc: 0000, samples: 4/1
display  D   display_settings.c:388  _al_score_display_settings       [   0.05102] Single Buffer requirement not met.
display  D   display_settings.c:202  debug_display_settings           [   0.05104] color: 16 (rgba 5650), depth: 0, stencil: 0, acc: 0000, samples: 0/0
display  D   display_settings.c:388  _al_score_display_settings       [   0.05105] Single Buffer requirement not met.
display  D   display_settings.c:202  debug_display_settings           [   0.05106] color: 16 (rgba 5650), depth: 0, stencil: 0, acc: 0000, samples: 0/0
display  D   display_settings.c:388  _al_score_display_settings       [   0.05108] Single Buffer requirement not met.
display  D   display_settings.c:202  debug_display_settings           [   0.05109] color: 16 (rgba 5650), depth: 0, stencil: 0, acc: 0000, samples: 2/1
display  D   display_settings.c:388  _al_score_display_settings       [   0.05111] Single Buffer requirement not met.
display  D   display_settings.c:202  debug_display_settings           [   0.05112] color: 16 (rgba 5650), depth: 0, stencil: 0, acc: 0000, samples: 3/1
display  D   display_settings.c:388  _al_score_display_settings       [   0.05114] Single Buffer requirement not met.
display  D   display_settings.c:202  debug_display_settings           [   0.05115] color: 16 (rgba 5650), depth: 0, stencil: 0, acc: 0000, samples: 4/1
display  D   display_settings.c:388  _al_score_display_settings       [   0.05116] Single Buffer requirement not met.
display  D   display_settings.c:202  debug_display_settings           [   0.05118] color: 16 (rgba 5650), depth: 24, stencil: 8, acc: 0000, samples: 0/0
display  D   display_settings.c:388  _al_score_display_settings       [   0.05119] Single Buffer requirement not met.
display  D   display_settings.c:202  debug_display_settings           [   0.05120] color: 16 (rgba 5650), depth: 24, stencil: 8, acc: 0000, samples: 0/0
display  D   display_settings.c:388  _al_score_display_settings       [   0.05122] Single Buffer requirement not met.
display  D   display_settings.c:202  debug_display_settings           [   0.05123] color: 16 (rgba 5650), depth: 24, stencil: 8, acc: 0000, samples: 2/1
display  D   display_settings.c:388  _al_score_display_settings       [   0.05125] Single Buffer requirement not met.
display  D   display_settings.c:202  debug_display_settings           [   0.05126] color: 16 (rgba 5650), depth: 24, stencil: 8, acc: 0000, samples: 3/1
display  D   display_settings.c:388  _al_score_display_settings       [   0.05127] Single Buffer requirement not met.
display  D   display_settings.c:202  debug_display_settings           [   0.05129] color: 16 (rgba 5650), depth: 24, stencil: 8, acc: 0000, samples: 4/1
display  D   display_settings.c:388  _al_score_display_settings       [   0.05130] Single Buffer requirement not met.
display  D   display_settings.c:202  debug_display_settings           [   0.05131] color: 16 (rgba 5650), depth: 24, stencil: 0, acc: 0000, samples: 0/0
display  D   display_settings.c:388  _al_score_display_settings       [   0.05133] Single Buffer requirement not met.
display  D   display_settings.c:202  debug_display_settings           [   0.05134] color: 16 (rgba 5650), depth: 24, stencil: 0, acc: 0000, samples: 0/0
display  D   display_settings.c:388  _al_score_display_settings       [   0.05136] Single Buffer requirement not met.
display  D   display_settings.c:202  debug_display_settings           [   0.05137] color: 16 (rgba 5650), depth: 24, stencil: 0, acc: 0000, samples: 2/1
display  D   display_settings.c:388  _al_score_display_settings       [   0.05139] Single Buffer requirement not met.
display  D   display_settings.c:202  debug_display_settings           [   0.05140] color: 16 (rgba 5650), depth: 24, stencil: 0, acc: 0000, samples: 3/1
display  D   display_settings.c:388  _al_score_display_settings       [   0.05141] Single Buffer requirement not met.
display  D   display_settings.c:202  debug_display_settings           [   0.05143] color: 16 (rgba 5650), depth: 24, stencil: 0, acc: 0000, samples: 4/1
display  D   display_settings.c:388  _al_score_display_settings       [   0.05145] Single Buffer requirement not met.
display  D   display_settings.c:202  debug_display_settings           [   0.05146] color: 16 (rgba 5650), depth: 16, stencil: 0, acc: 0000, samples: 0/0
display  D   display_settings.c:388  _al_score_display_settings       [   0.05147] Single Buffer requirement not met.
display  D   display_settings.c:202  debug_display_settings           [   0.05149] color: 16 (rgba 5650), depth: 16, stencil: 0, acc: 0000, samples: 0/0
display  D   display_settings.c:388  _al_score_display_settings       [   0.05150] Single Buffer requirement not met.
display  D   display_settings.c:202  debug_display_settings           [   0.05151] color: 16 (rgba 5650), depth: 16, stencil: 0, acc: 0000, samples: 2/1
display  D   display_settings.c:388  _al_score_display_settings       [   0.05153] Single Buffer requirement not met.
display  D   display_settings.c:202  debug_display_settings           [   0.05154] color: 16 (rgba 5650), depth: 16, stencil: 0, acc: 0000, samples: 3/1
display  D   display_settings.c:388  _al_score_display_settings       [   0.05156] Single Buffer requirement not met.
display  D   display_settings.c:202  debug_display_settings           [   0.05157] color: 16 (rgba 5650), depth: 16, stencil: 0, acc: 0000, samples: 4/1
display  D   display_settings.c:388  _al_score_display_settings       [   0.05159] Single Buffer requirement not met.
display  D   display_settings.c:202  debug_display_settings           [   0.05160] color: 32 (rgba 8880), depth: 0, stencil: 0, acc: 0000, samples: 0/0
display  D   display_settings.c:517  _al_score_display_settings       [   0.05161] Score is : 769
display  D   display_settings.c:202  debug_display_settings           [   0.05163] color: 32 (rgba 8880), depth: 0, stencil: 0, acc: 0000, samples: 0/0
display  D   display_settings.c:517  _al_score_display_settings       [   0.05164] Score is : 769
display  D   display_settings.c:202  debug_display_settings           [   0.05165] color: 32 (rgba 8880), depth: 0, stencil: 0, acc: 0000, samples: 2/1
display  D   display_settings.c:517  _al_score_display_settings       [   0.05167] Score is : 598
display  D   display_settings.c:202  debug_display_settings           [   0.05168] color: 32 (rgba 8880), depth: 0, stencil: 0, acc: 0000, samples: 3/1
display  D   display_settings.c:517  _al_score_display_settings       [   0.05170] Score is : 593
display  D   display_settings.c:202  debug_display_settings           [   0.05171] color: 32 (rgba 8880), depth: 0, stencil: 0, acc: 0000, samples: 4/1
display  D   display_settings.c:517  _al_score_display_settings       [   0.05172] Score is : 589
display  D   display_settings.c:202  debug_display_settings           [   0.05173] color: 32 (rgba 8880), depth: 24, stencil: 8, acc: 0000, samples: 0/0
display  D   display_settings.c:517  _al_score_display_settings       [   0.05175] Score is : 769
display  D   display_settings.c:202  debug_display_settings           [   0.05176] color: 32 (rgba 8880), depth: 24, stencil: 8, acc: 0000, samples: 0/0
display  D   display_settings.c:517  _al_score_display_settings       [   0.05178] Score is : 769
display  D   display_settings.c:202  debug_display_settings           [   0.05179] color: 32 (rgba 8880), depth: 24, stencil: 8, acc: 0000, samples: 2/1
display  D   display_settings.c:517  _al_score_display_settings       [   0.05180] Score is : 598
display  D   display_settings.c:202  debug_display_settings           [   0.05182] color: 32 (rgba 8880), depth: 24, stencil: 8, acc: 0000, samples: 3/1
display  D   display_settings.c:517  _al_score_display_settings       [   0.05183] Score is : 593
display  D   display_settings.c:202  debug_display_settings           [   0.05184] color: 32 (rgba 8880), depth: 24, stencil: 8, acc: 0000, samples: 4/1
display  D   display_settings.c:517  _al_score_display_settings       [   0.05186] Score is : 589
display  D   display_settings.c:202  debug_display_settings           [   0.05187] color: 32 (rgba 8880), depth: 24, stencil: 0, acc: 0000, samples: 0/0
display  D   display_settings.c:517  _al_score_display_settings       [   0.05189] Score is : 769
display  D   display_settings.c:202  debug_display_settings           [   0.05190] color: 32 (rgba 8880), depth: 24, stencil: 0, acc: 0000, samples: 0/0
display  D   display_settings.c:517  _al_score_display_settings       [   0.05191] Score is : 769
display  D   display_settings.c:202  debug_display_settings           [   0.05193] color: 32 (rgba 8880), depth: 24, stencil: 0, acc: 0000, samples: 2/1
display  D   display_settings.c:517  _al_score_display_settings       [   0.05194] Score is : 598
display  D   display_settings.c:202  debug_display_settings           [   0.05195] color: 32 (rgba 8880), depth: 24, stencil: 0, acc: 0000, samples: 3/1
display  D   display_settings.c:517  _al_score_display_settings       [   0.05197] Score is : 593
display  D   display_settings.c:202  debug_display_settings           [   0.05198] color: 32 (rgba 8880), depth: 24, stencil: 0, acc: 0000, samples: 4/1
display  D   display_settings.c:517  _al_score_display_settings       [   0.05200] Score is : 589
display  D   display_settings.c:202  debug_display_settings           [   0.05201] color: 32 (rgba 8880), depth: 16, stencil: 0, acc: 0000, samples: 0/0
display  D   display_settings.c:517  _al_score_display_settings       [   0.05203] Score is : 769
display  D   display_settings.c:202  debug_display_settings           [   0.05204] color: 32 (rgba 8880), depth: 16, stencil: 0, acc: 0000, samples: 0/0
display  D   display_settings.c:517  _al_score_display_settings       [   0.05205] Score is : 769
display  D   display_settings.c:202  debug_display_settings           [   0.05207] color: 32 (rgba 8880), depth: 16, stencil: 0, acc: 0000, samples: 2/1
display  D   display_settings.c:517  _al_score_display_settings       [   0.05208] Score is : 598
display  D   display_settings.c:202  debug_display_settings           [   0.05209] color: 32 (rgba 8880), depth: 16, stencil: 0, acc: 0000, samples: 3/1
display  D   display_settings.c:517  _al_score_display_settings       [   0.05211] Score is : 593
display  D   display_settings.c:202  debug_display_settings           [   0.05212] color: 32 (rgba 8880), depth: 16, stencil: 0, acc: 0000, samples: 4/1
display  D   display_settings.c:517  _al_score_display_settings       [   0.05214] Score is : 589
display  D   display_settings.c:202  debug_display_settings           [   0.05215] color: 16 (rgba 5650), depth: 0, stencil: 0, acc: 0000, samples: 0/0
display  D   display_settings.c:517  _al_score_display_settings       [   0.05217] Score is : 769
display  D   display_settings.c:202  debug_display_settings           [   0.05219] color: 16 (rgba 5650), depth: 0, stencil: 0, acc: 0000, samples: 0/0
display  D   display_settings.c:517  _al_score_display_settings       [   0.05221] Score is : 769
display  D   display_settings.c:202  debug_display_settings           [   0.05222] color: 16 (rgba 5650), depth: 0, stencil: 0, acc: 0000, samples: 2/1
display  D   display_settings.c:517  _al_score_display_settings       [   0.05223] Score is : 598
display  D   display_settings.c:202  debug_display_settings           [   0.05225] color: 16 (rgba 5650), depth: 0, stencil: 0, acc: 0000, samples: 3/1
display  D   display_settings.c:517  _al_score_display_settings       [   0.05226] Score is : 593
display  D   display_settings.c:202  debug_display_settings           [   0.05227] color: 16 (rgba 5650), depth: 0, stencil: 0, acc: 0000, samples: 4/1
display  D   display_settings.c:517  _al_score_display_settings       [   0.05229] Score is : 589
display  D   display_settings.c:202  debug_display_settings           [   0.05230] color: 16 (rgba 5650), depth: 24, stencil: 8, acc: 0000, samples: 0/0
display  D   display_settings.c:517  _al_score_display_settings       [   0.05232] Score is : 769
display  D   display_settings.c:202  debug_display_settings           [   0.05234] color: 16 (rgba 5650), depth: 24, stencil: 8, acc: 0000, samples: 0/0
display  D   display_settings.c:517  _al_score_display_settings       [   0.05235] Score is : 769
display  D   display_settings.c:202  debug_display_settings           [   0.05237] color: 16 (rgba 5650), depth: 24, stencil: 8, acc: 0000, samples: 2/1
display  D   display_settings.c:517  _al_score_display_settings       [   0.05239] Score is : 598
display  D   display_settings.c:202  debug_display_settings           [   0.05241] color: 16 (rgba 5650), depth: 24, stencil: 8, acc: 0000, samples: 3/1
display  D   display_settings.c:517  _al_score_display_settings       [   0.05243] Score is : 593
display  D   display_settings.c:202  debug_display_settings           [   0.05245] color: 16 (rgba 5650), depth: 24, stencil: 8, acc: 0000, samples: 4/1
display  D   display_settings.c:517  _al_score_display_settings       [   0.05247] Score is : 589
display  D   display_settings.c:202  debug_display_settings           [   0.05248] color: 16 (rgba 5650), depth: 24, stencil: 0, acc: 0000, samples: 0/0
display  D   display_settings.c:517  _al_score_display_settings       [   0.05251] Score is : 769
display  D   display_settings.c:202  debug_display_settings           [   0.05252] color: 16 (rgba 5650), depth: 24, stencil: 0, acc: 0000, samples: 0/0
display  D   display_settings.c:517  _al_score_display_settings       [   0.05254] Score is : 769
display  D   display_settings.c:202  debug_display_settings           [   0.05255] color: 16 (rgba 5650), depth: 24, stencil: 0, acc: 0000, samples: 2/1
display  D   display_settings.c:517  _al_score_display_settings       [   0.05257] Score is : 598
display  D   display_settings.c:202  debug_display_settings           [   0.05258] color: 16 (rgba 5650), depth: 24, stencil: 0, acc: 0000, samples: 3/1
display  D   display_settings.c:517  _al_score_display_settings       [   0.05260] Score is : 593
display  D   display_settings.c:202  debug_display_settings           [   0.05261] color: 16 (rgba 5650), depth: 24, stencil: 0, acc: 0000, samples: 4/1
display  D   display_settings.c:517  _al_score_display_settings       [   0.05263] Score is : 589
display  D   display_settings.c:202  debug_display_settings           [   0.05264] color: 16 (rgba 5650), depth: 16, stencil: 0, acc: 0000, samples: 0/0
display  D   display_settings.c:517  _al_score_display_settings       [   0.05266] Score is : 769
display  D   display_settings.c:202  debug_display_settings           [   0.05267] color: 16 (rgba 5650), depth: 16, stencil: 0, acc: 0000, samples: 0/0
display  D   display_settings.c:517  _al_score_display_settings       [   0.05269] Score is : 769
display  D   display_settings.c:202  debug_display_settings           [   0.05270] color: 16 (rgba 5650), depth: 16, stencil: 0, acc: 0000, samples: 2/1
display  D   display_settings.c:517  _al_score_display_settings       [   0.05272] Score is : 598
display  D   display_settings.c:202  debug_display_settings           [   0.05273] color: 16 (rgba 5650), depth: 16, stencil: 0, acc: 0000, samples: 3/1
display  D   display_settings.c:517  _al_score_display_settings       [   0.05275] Score is : 593
display  D   display_settings.c:202  debug_display_settings           [   0.05276] color: 16 (rgba 5650), depth: 16, stencil: 0, acc: 0000, samples: 4/1
display  D   display_settings.c:517  _al_score_display_settings       [   0.05278] Score is : 589
display  D   display_settings.c:202  debug_display_settings           [   0.05279] color: 32 (rgba 8880), depth: 0, stencil: 0, acc: 0000, samples: 0/0
display  D   display_settings.c:388  _al_score_display_settings       [   0.05280] Single Buffer requirement not met.
display  D   display_settings.c:202  debug_display_settings           [   0.05282] color: 32 (rgba 8880), depth: 0, stencil: 0, acc: 0000, samples: 0/0
display  D   display_settings.c:388  _al_score_display_settings       [   0.05283] Single Buffer requirement not met.
display  D   display_settings.c:202  debug_display_settings           [   0.05289] color: 32 (rgba 8880), depth: 0, stencil: 0, acc: 0000, samples: 2/1
display  D   display_settings.c:388  _al_score_display_settings       [   0.05291] Single Buffer requirement not met.
display  D   display_settings.c:202  debug_display_settings           [   0.05292] color: 32 (rgba 8880), depth: 0, stencil: 0, acc: 0000, samples: 3/1
display  D   display_settings.c:388  _al_score_display_settings       [   0.05293] Single Buffer requirement not met.
display  D   display_settings.c:202  debug_display_settings           [   0.05295] color: 32 (rgba 8880), depth: 0, stencil: 0, acc: 0000, samples: 4/1
display  D   display_settings.c:388  _al_score_display_settings       [   0.05296] Single Buffer requirement not met.
display  D   display_settings.c:202  debug_display_settings           [   0.05297] color: 32 (rgba 8880), depth: 24, stencil: 8, acc: 0000, samples: 0/0
display  D   display_settings.c:388  _al_score_display_settings       [   0.05299] Single Buffer requirement not met.
display  D   display_settings.c:202  debug_display_settings           [   0.05300] color: 32 (rgba 8880), depth: 24, stencil: 8, acc: 0000, samples: 0/0
display  D   display_settings.c:388  _al_score_display_settings       [   0.05302] Single Buffer requirement not met.
display  D   display_settings.c:202  debug_display_settings           [   0.05303] color: 32 (rgba 8880), depth: 24, stencil: 8, acc: 0000, samples: 2/1
display  D   display_settings.c:388  _al_score_display_settings       [   0.05305] Single Buffer requirement not met.
display  D   display_settings.c:202  debug_display_settings           [   0.05306] color: 32 (rgba 8880), depth: 24, stencil: 8, acc: 0000, samples: 3/1
display  D   display_settings.c:388  _al_score_display_settings       [   0.05307] Single Buffer requirement not met.
display  D   display_settings.c:202  debug_display_settings           [   0.05308] color: 32 (rgba 8880), depth: 24, stencil: 8, acc: 0000, samples: 4/1
display  D   display_settings.c:388  _al_score_display_settings       [   0.05310] Single Buffer requirement not met.
display  D   display_settings.c:202  debug_display_settings           [   0.05311] color: 32 (rgba 8880), depth: 24, stencil: 0, acc: 0000, samples: 0/0
display  D   display_settings.c:388  _al_score_display_settings       [   0.05313] Single Buffer requirement not met.
display  D   display_settings.c:202  debug_display_settings           [   0.05314] color: 32 (rgba 8880), depth: 24, stencil: 0, acc: 0000, samples: 0/0
display  D   display_settings.c:388  _al_score_display_settings       [   0.05316] Single Buffer requirement not met.
display  D   display_settings.c:202  debug_display_settings           [   0.05317] color: 32 (rgba 8880), depth: 24, stencil: 0, acc: 0000, samples: 2/1
display  D   display_settings.c:388  _al_score_display_settings       [   0.05318] Single Buffer requirement not met.
display  D   display_settings.c:202  debug_display_settings           [   0.05320] color: 32 (rgba 8880), depth: 24, stencil: 0, acc: 0000, samples: 3/1
display  D   display_settings.c:388  _al_score_display_settings       [   0.05321] Single Buffer requirement not met.
display  D   display_settings.c:202  debug_display_settings           [   0.05322] color: 32 (rgba 8880), depth: 24, stencil: 0, acc: 0000, samples: 4/1
display  D   display_settings.c:388  _al_score_display_settings       [   0.05324] Single Buffer requirement not met.
display  D   display_settings.c:202  debug_display_settings           [   0.05325] color: 32 (rgba 8880), depth: 16, stencil: 0, acc: 0000, samples: 0/0
display  D   display_settings.c:388  _al_score_display_settings       [   0.05327] Single Buffer requirement not met.
display  D   display_settings.c:202  debug_display_settings           [   0.05328] color: 32 (rgba 8880), depth: 16, stencil: 0, acc: 0000, samples: 0/0
display  D   display_settings.c:388  _al_score_display_settings       [   0.05329] Single Buffer requirement not met.
display  D   display_settings.c:202  debug_display_settings           [   0.05331] color: 32 (rgba 8880), depth: 16, stencil: 0, acc: 0000, samples: 2/1
display  D   display_settings.c:388  _al_score_display_settings       [   0.05332] Single Buffer requirement not met.
display  D   display_settings.c:202  debug_display_settings           [   0.05334] color: 32 (rgba 8880), depth: 16, stencil: 0, acc: 0000, samples: 3/1
display  D   display_settings.c:388  _al_score_display_settings       [   0.05335] Single Buffer requirement not met.
display  D   display_settings.c:202  debug_display_settings           [   0.05336] color: 32 (rgba 8880), depth: 16, stencil: 0, acc: 0000, samples: 4/1
display  D   display_settings.c:388  _al_score_display_settings       [   0.05339] Single Buffer requirement not met.
display  D   display_settings.c:202  debug_display_settings           [   0.05340] color: 16 (rgba 5650), depth: 0, stencil: 0, acc: 0000, samples: 0/0
display  D   display_settings.c:388  _al_score_display_settings       [   0.05342] Single Buffer requirement not met.
display  D   display_settings.c:202  debug_display_settings           [   0.05343] color: 16 (rgba 5650), depth: 0, stencil: 0, acc: 0000, samples: 0/0
display  D   display_settings.c:388  _al_score_display_settings       [   0.05345] Single Buffer requirement not met.
display  D   display_settings.c:202  debug_display_settings           [   0.05346] color: 16 (rgba 5650), depth: 0, stencil: 0, acc: 0000, samples: 2/1
display  D   display_settings.c:388  _al_score_display_settings       [   0.05348] Single Buffer requirement not met.
display  D   display_settings.c:202  debug_display_settings           [   0.05349] color: 16 (rgba 5650), depth: 0, stencil: 0, acc: 0000, samples: 3/1
display  D   display_settings.c:388  _al_score_display_settings       [   0.05351] Single Buffer requirement not met.
display  D   display_settings.c:202  debug_display_settings           [   0.05352] color: 16 (rgba 5650), depth: 0, stencil: 0, acc: 0000, samples: 4/1
display  D   display_settings.c:388  _al_score_display_settings       [   0.05353] Single Buffer requirement not met.
display  D   display_settings.c:202  debug_display_settings           [   0.05355] color: 16 (rgba 5650), depth: 24, stencil: 8, acc: 0000, samples: 0/0
display  D   display_settings.c:388  _al_score_display_settings       [   0.05356] Single Buffer requirement not met.
display  D   display_settings.c:202  debug_display_settings           [   0.05357] color: 16 (rgba 5650), depth: 24, stencil: 8, acc: 0000, samples: 0/0
display  D   display_settings.c:388  _al_score_display_settings       [   0.05359] Single Buffer requirement not met.
display  D   display_settings.c:202  debug_display_settings           [   0.05360] color: 16 (rgba 5650), depth: 24, stencil: 8, acc: 0000, samples: 2/1
display  D   display_settings.c:388  _al_score_display_settings       [   0.05362] Single Buffer requirement not met.
display  D   display_settings.c:202  debug_display_settings           [   0.05363] color: 16 (rgba 5650), depth: 24, stencil: 8, acc: 0000, samples: 3/1
display  D   display_settings.c:388  _al_score_display_settings       [   0.05364] Single Buffer requirement not met.
display  D   display_settings.c:202  debug_display_settings           [   0.05366] color: 16 (rgba 5650), depth: 24, stencil: 8, acc: 0000, samples: 4/1
display  D   display_settings.c:388  _al_score_display_settings       [   0.05367] Single Buffer requirement not met.
display  D   display_settings.c:202  debug_display_settings           [   0.05368] color: 16 (rgba 5650), depth: 24, stencil: 0, acc: 0000, samples: 0/0
display  D   display_settings.c:388  _al_score_display_settings       [   0.05370] Single Buffer requirement not met.
display  D   display_settings.c:202  debug_display_settings           [   0.05371] color: 16 (rgba 5650), depth: 24, stencil: 0, acc: 0000, samples: 0/0
display  D   display_settings.c:388  _al_score_display_settings       [   0.05373] Single Buffer requirement not met.
display  D   display_settings.c:202  debug_display_settings           [   0.05374] color: 16 (rgba 5650), depth: 24, stencil: 0, acc: 0000, samples: 2/1
display  D   display_settings.c:388  _al_score_display_settings       [   0.05376] Single Buffer requirement not met.
display  D   display_settings.c:202  debug_display_settings           [   0.05377] color: 16 (rgba 5650), depth: 24, stencil: 0, acc: 0000, samples: 3/1
display  D   display_settings.c:388  _al_score_display_settings       [   0.05378] Single Buffer requirement not met.
display  D   display_settings.c:202  debug_display_settings           [   0.05380] color: 16 (rgba 5650), depth: 24, stencil: 0, acc: 0000, samples: 4/1
display  D   display_settings.c:388  _al_score_display_settings       [   0.05381] Single Buffer requirement not met.
display  D   display_settings.c:202  debug_display_settings           [   0.05382] color: 16 (rgba 5650), depth: 16, stencil: 0, acc: 0000, samples: 0/0
display  D   display_settings.c:388  _al_score_display_settings       [   0.05384] Single Buffer requirement not met.
display  D   display_settings.c:202  debug_display_settings           [   0.05385] color: 16 (rgba 5650), depth: 16, stencil: 0, acc: 0000, samples: 0/0
display  D   display_settings.c:388  _al_score_display_settings       [   0.05387] Single Buffer requirement not met.
display  D   display_settings.c:202  debug_display_settings           [   0.05388] color: 16 (rgba 5650), depth: 16, stencil: 0, acc: 0000, samples: 2/1
display  D   display_settings.c:388  _al_score_display_settings       [   0.05390] Single Buffer requirement not met.
display  D   display_settings.c:202  debug_display_settings           [   0.05391] color: 16 (rgba 5650), depth: 16, stencil: 0, acc: 0000, samples: 3/1
display  D   display_settings.c:388  _al_score_display_settings       [   0.05392] Single Buffer requirement not met.
display  D   display_settings.c:202  debug_display_settings           [   0.05394] color: 16 (rgba 5650), depth: 16, stencil: 0, acc: 0000, samples: 4/1
display  D   display_settings.c:388  _al_score_display_settings       [   0.05395] Single Buffer requirement not met.
d3d      D         d3d_disp.cpp:1670 d3d_create_display_internals     [   0.05399] Trying format 0.
d3d      I         d3d_disp.cpp:1346 d3d_display_thread_proc          [   0.05473] Chose a display format: 23
d3d      I         d3d_disp.cpp:1415 d3d_display_thread_proc          [   0.05477] Normal window.
d3d      I         d3d_disp.cpp:779  d3d_create_device                [   0.08210] Using no depth stencil buffer
d3d      D         d3d_disp.cpp:837  d3d_create_device                [   0.12238] BeginScene succeeded in create_device
d3d      D         d3d_disp.cpp:845  d3d_create_device                [   0.12242] Success
d3d      D         d3d_disp.cpp:1693 d3d_create_display_internals     [   0.12245] Resumed after wait.
d3d      I         d3d_disp.cpp:1726 d3d_create_display_internals     [   0.12249] Format 0 succeeded.
d3d      D         d3d_disp.cpp:1757 d3d_create_display_internals     [   0.12252] Returning d3d_display: 011D4DD8
d3d      D         d3d_disp.cpp:1782 d3d_create_display_locked        [   0.12253] al_display=011D4DD8
d3d      D         d3d_disp.cpp:1783 d3d_create_display_locked        [   0.12255] al_display->vt=012467E0
system   D            wsystem.c:674  maybe_parent_dir                 [   0.12269] Also searching C:\Users\gamer\Desktop\Graficos1-TP3\TP3\
system   D            wsystem.c:724  _al_win_safe_load_library        [   0.12286] PathFindOnPath found: C:\WINDOWS\system32\d3dx9_43.dll
system   D            wsystem.c:635  load_library_at_path             [   0.12288] Calling LoadLibrary C:\WINDOWS\system32\d3dx9_43.dll
system   I            wsystem.c:638  load_library_at_path             [   0.12507] Loaded C:\WINDOWS\system32\d3dx9_43.dll
d3dx9    I        d3d_d3dx9.cpp:88   _imp_load_d3dx9_module_version   [   0.12511] Module "d3dx9_43.dll" loaded.
dtor     D               dtor.c:184  _al_register_destructor          [   0.12644] added dtor for object 01226AF0, func 0FC5172B
dtor     D               dtor.c:184  _al_register_destructor          [   0.12651] added dtor for object 07CA4550, func 0FC5233D
d3d      D         d3d_disp.cpp:1186 real_choose_bitmap_format        [   0.12724] Fake format
d3d      D         d3d_disp.cpp:1186 real_choose_bitmap_format        [   0.12727] Fake format
d3d      D         d3d_disp.cpp:1186 real_choose_bitmap_format        [   0.12728] Fake format
d3d      D         d3d_disp.cpp:1186 real_choose_bitmap_format        [   0.12729] Fake format
d3d      D         d3d_disp.cpp:1186 real_choose_bitmap_format        [   0.12730] Fake format
d3d      D         d3d_disp.cpp:1186 real_choose_bitmap_format        [   0.12731] Fake format
d3d      D         d3d_disp.cpp:1186 real_choose_bitmap_format        [   0.12732] Fake format
d3d      D         d3d_disp.cpp:1186 real_choose_bitmap_format        [   0.12733] Fake format
d3d      D         d3d_disp.cpp:1186 real_choose_bitmap_format        [   0.12734] Fake format
d3d      D         d3d_disp.cpp:1194 real_choose_bitmap_format        [   0.12735] Alpha doesn't match
d3d      D         d3d_disp.cpp:1201 real_choose_bitmap_format        [   0.12737] Adapter format is 23
d3d      D         d3d_disp.cpp:1204 real_choose_bitmap_format        [   0.12738] Found a format
d3d      I         d3d_disp.cpp:2381 d3d_create_bitmap                [   0.12739] Chose bitmap format 9
dtor     D               dtor.c:184  _al_register_destructor          [   0.12768] added dtor for object 07CB07B0, func 0FC521E9
d3d      D          d3d_bmp.cpp:539  _al_d3d_sync_bitmap              [   0.12775] _al_d3d_sync_bitmap (system) ref count == 1
d3d      D          d3d_bmp.cpp:545  _al_d3d_sync_bitmap              [   0.12777] _al_d3d_sync_bitmap (video) ref count == 1
d3d      D          d3d_bmp.cpp:539  _al_d3d_sync_bitmap              [   0.14022] _al_d3d_sync_bitmap (system) ref count == 1
d3d      D          d3d_bmp.cpp:545  _al_d3d_sync_bitmap              [   0.14027] _al_d3d_sync_bitmap (video) ref count == 1
d3d      I         d3d_disp.cpp:899  d3d_destroy_display              [   6.25825] destroying display 011D4DD8 (current 00000000)
bitmap   D        bitmap_type.c:300  _al_convert_to_memory_bitmap     [   6.26180] converting display bitmap 07CB07B0 to memory bitmap
dtor     D               dtor.c:184  _al_register_destructor          [   6.26184] added dtor for object 07C19830, func 0FC521E9
d3d      D          d3d_bmp.cpp:539  _al_d3d_sync_bitmap              [   6.26186] _al_d3d_sync_bitmap (system) ref count == 1
d3d      D          d3d_bmp.cpp:545  _al_d3d_sync_bitmap              [   6.26188] _al_d3d_sync_bitmap (video) ref count == 1
dtor     D               dtor.c:214  _al_unregister_destructor        [   6.26216] removed dtor for object 07C19830
d3d      D         d3d_disp.cpp:883  d3d_destroy_display_internals    [   6.26218] waiting for display 011D4DD8's thread to end
d3d      W         d3d_disp.cpp:593  d3d_destroy_device               [   6.26597] d3d_destroy_device: ref count not 0
d3d      I         d3d_disp.cpp:1551 d3d_display_thread_proc          [   6.27316] d3d display thread exits
dtor     D               dtor.c:114  _al_run_destructors              [   6.27475] calling dtor for object 07CB07B0, func 0FC521E9
dtor     D               dtor.c:214  _al_unregister_destructor        [   6.27478] removed dtor for object 07CB07B0
dtor     D               dtor.c:114  _al_run_destructors              [   6.27480] calling dtor for object 07CA4550, func 0FC5233D
dtor     D               dtor.c:214  _al_unregister_destructor        [   6.27482] removed dtor for object 07CA4550
dtor     D               dtor.c:114  _al_run_destructors              [   6.27483] calling dtor for object 01226AF0, func 0FC5172B
dtor     D               dtor.c:214  _al_unregister_destructor        [   6.27900] removed dtor for object 01226AF0
